2025-12-28 20:46:26,615 - INFO - Starting training with device: cuda, LR: 0.0003, Num Envs: 32
2025-12-28 20:46:26,618 - INFO - Hyperparams: tau=0.005, batch_size=1024, buffer_size=1000000, target_entropy=-1.0, hidden_dim=256, seed=42
2025-12-28 20:46:26,621 - INFO - Obstacles enabled: False, Difficulty: N/A
2025-12-28 20:46:26,624 - INFO - Logs and checkpoints will be saved to: logs/ablations/seed42_lr0.0003_ent-1.0_upd1_tau0.005_bs1024_buf1000000_env32_obs0d0.0_h256_t1766954786
2025-12-28 20:46:27,208 - INFO - Using 32 vectorized environments (async) with WalkingRewardWrapper
2025-12-28 20:46:27,215 - INFO - Initializing SAC Agent on device: cuda
2025-12-28 20:52:14,647 - INFO - Episode 80: Avg Reward (10) = -121.59, Total Steps = 32000
2025-12-28 20:54:49,337 - INFO - Checkpoint saved at episode 100: logs/ablations/seed42_lr0.0003_ent-1.0_upd1_tau0.005_bs1024_buf1000000_env32_obs0d0.0_h256_t1766954786/checkpoint_ep100.pth
2025-12-28 21:01:16,346 - INFO - Checkpoint saved at episode 200: logs/ablations/seed42_lr0.0003_ent-1.0_upd1_tau0.005_bs1024_buf1000000_env32_obs0d0.0_h256_t1766954786/checkpoint_ep200.pth
2025-12-28 21:27:34,408 - INFO - Checkpoint saved at episode 300: logs/ablations/seed42_lr0.0003_ent-1.0_upd1_tau0.005_bs1024_buf1000000_env32_obs0d0.0_h256_t1766954786/checkpoint_ep300.pth
2025-12-28 21:39:34,229 - INFO - Episode 340: Avg Reward (10) = 474.09, Total Steps = 256000
2025-12-28 21:53:35,524 - INFO - Checkpoint saved at episode 400: logs/ablations/seed42_lr0.0003_ent-1.0_upd1_tau0.005_bs1024_buf1000000_env32_obs0d0.0_h256_t1766954786/checkpoint_ep400.pth
2025-12-28 22:17:50,821 - INFO - Checkpoint saved at episode 500: logs/ablations/seed42_lr0.0003_ent-1.0_upd1_tau0.005_bs1024_buf1000000_env32_obs0d0.0_h256_t1766954786/checkpoint_ep500.pth
2025-12-28 22:41:42,421 - INFO - Checkpoint saved at episode 600: logs/ablations/seed42_lr0.0003_ent-1.0_upd1_tau0.005_bs1024_buf1000000_env32_obs0d0.0_h256_t1766954786/checkpoint_ep600.pth
2025-12-28 23:04:36,015 - INFO - Checkpoint saved at episode 700: logs/ablations/seed42_lr0.0003_ent-1.0_upd1_tau0.005_bs1024_buf1000000_env32_obs0d0.0_h256_t1766954786/checkpoint_ep700.pth
2025-12-28 23:26:53,512 - INFO - Checkpoint saved at episode 800: logs/ablations/seed42_lr0.0003_ent-1.0_upd1_tau0.005_bs1024_buf1000000_env32_obs0d0.0_h256_t1766954786/checkpoint_ep800.pth
2025-12-28 23:49:30,118 - INFO - Checkpoint saved at episode 900: logs/ablations/seed42_lr0.0003_ent-1.0_upd1_tau0.005_bs1024_buf1000000_env32_obs0d0.0_h256_t1766954786/checkpoint_ep900.pth
2025-12-29 00:06:14,077 - INFO - Episode 980: Avg Reward (10) = 616.63, Total Steps = 960000
2025-12-29 00:11:29,024 - INFO - Checkpoint saved at episode 1000: logs/ablations/seed42_lr0.0003_ent-1.0_upd1_tau0.005_bs1024_buf1000000_env32_obs0d0.0_h256_t1766954786/checkpoint_ep1000.pth
2025-12-29 00:11:29,562 - INFO - Episode 1000: Avg Reward (10) = 495.58, Total Steps = 985216
2025-12-29 00:11:29,957 - INFO - Training finished/stopped.
