2025-12-27 16:19:24,146 - INFO - Starting training with device: cuda, LR: 0.0001, Num Envs: 32
2025-12-27 16:19:24,148 - INFO - Logs and checkpoints will be saved to: logs/run_20251227_161924
2025-12-27 16:19:25,035 - INFO - Using 32 vectorized environments (async) with WalkingRewardWrapper
2025-12-27 16:19:25,039 - INFO - Initializing SAC Agent on device: cuda
2025-12-27 16:19:38,795 - INFO - Checkpoint saved at episode 10: logs/run_20251227_161924/checkpoint_ep10.pth
2025-12-27 16:19:39,533 - INFO - Checkpoint saved at episode 20: logs/run_20251227_161924/checkpoint_ep20.pth
2025-12-27 16:19:41,477 - INFO - Checkpoint saved at episode 30: logs/run_20251227_161924/checkpoint_ep30.pth
2025-12-27 16:19:43,710 - INFO - Checkpoint saved at episode 40: logs/run_20251227_161924/checkpoint_ep40.pth
2025-12-27 16:19:46,080 - INFO - Checkpoint saved at episode 50: logs/run_20251227_161924/checkpoint_ep50.pth
2025-12-27 16:19:48,844 - INFO - Checkpoint saved at episode 60: logs/run_20251227_161924/checkpoint_ep60.pth
2025-12-27 16:26:10,077 - INFO - Checkpoint saved at episode 70: logs/run_20251227_161924/checkpoint_ep70.pth
2025-12-27 16:26:33,970 - INFO - Checkpoint saved at episode 80: logs/run_20251227_161924/checkpoint_ep80.pth
2025-12-27 16:27:06,629 - INFO - Checkpoint saved at episode 90: logs/run_20251227_161924/checkpoint_ep90.pth
2025-12-27 16:28:15,271 - INFO - Checkpoint saved at episode 100: logs/run_20251227_161924/checkpoint_ep100.pth
2025-12-27 16:32:07,006 - INFO - Checkpoint saved at episode 110: logs/run_20251227_161924/checkpoint_ep110.pth
2025-12-27 16:32:38,032 - INFO - Checkpoint saved at episode 120: logs/run_20251227_161924/checkpoint_ep120.pth
2025-12-27 16:32:44,896 - INFO - Checkpoint saved at episode 130: logs/run_20251227_161924/checkpoint_ep130.pth
2025-12-27 16:33:11,689 - INFO - Checkpoint saved at episode 140: logs/run_20251227_161924/checkpoint_ep140.pth
2025-12-27 16:33:18,818 - INFO - Checkpoint saved at episode 150: logs/run_20251227_161924/checkpoint_ep150.pth
2025-12-27 16:33:24,852 - INFO - Checkpoint saved at episode 160: logs/run_20251227_161924/checkpoint_ep160.pth
2025-12-27 16:33:37,849 - INFO - Checkpoint saved at episode 170: logs/run_20251227_161924/checkpoint_ep170.pth
2025-12-27 16:33:48,820 - INFO - Checkpoint saved at episode 180: logs/run_20251227_161924/checkpoint_ep180.pth
2025-12-27 16:33:53,528 - INFO - Checkpoint saved at episode 190: logs/run_20251227_161924/checkpoint_ep190.pth
2025-12-27 16:34:14,826 - INFO - Checkpoint saved at episode 200: logs/run_20251227_161924/checkpoint_ep200.pth
2025-12-27 16:34:21,630 - INFO - Checkpoint saved at episode 210: logs/run_20251227_161924/checkpoint_ep210.pth
2025-12-27 16:34:24,621 - INFO - Checkpoint saved at episode 220: logs/run_20251227_161924/checkpoint_ep220.pth
2025-12-27 16:34:43,924 - INFO - Checkpoint saved at episode 230: logs/run_20251227_161924/checkpoint_ep230.pth
2025-12-27 16:34:52,538 - INFO - Checkpoint saved at episode 240: logs/run_20251227_161924/checkpoint_ep240.pth
2025-12-27 16:34:57,753 - INFO - Checkpoint saved at episode 250: logs/run_20251227_161924/checkpoint_ep250.pth
2025-12-27 16:35:11,916 - INFO - Checkpoint saved at episode 260: logs/run_20251227_161924/checkpoint_ep260.pth
2025-12-27 16:35:24,450 - INFO - Checkpoint saved at episode 270: logs/run_20251227_161924/checkpoint_ep270.pth
2025-12-27 16:35:35,344 - INFO - Checkpoint saved at episode 280: logs/run_20251227_161924/checkpoint_ep280.pth
2025-12-27 16:35:52,237 - INFO - Checkpoint saved at episode 290: logs/run_20251227_161924/checkpoint_ep290.pth
2025-12-27 16:36:03,807 - INFO - Checkpoint saved at episode 300: logs/run_20251227_161924/checkpoint_ep300.pth
2025-12-27 16:36:19,765 - INFO - Checkpoint saved at episode 310: logs/run_20251227_161924/checkpoint_ep310.pth
2025-12-27 16:36:38,519 - INFO - Checkpoint saved at episode 320: logs/run_20251227_161924/checkpoint_ep320.pth
2025-12-27 16:36:51,467 - INFO - Checkpoint saved at episode 330: logs/run_20251227_161924/checkpoint_ep330.pth
2025-12-27 16:37:07,762 - INFO - Checkpoint saved at episode 340: logs/run_20251227_161924/checkpoint_ep340.pth
2025-12-27 16:37:22,667 - INFO - Checkpoint saved at episode 350: logs/run_20251227_161924/checkpoint_ep350.pth
2025-12-27 16:37:33,542 - INFO - Checkpoint saved at episode 360: logs/run_20251227_161924/checkpoint_ep360.pth
2025-12-27 16:37:55,285 - INFO - Checkpoint saved at episode 370: logs/run_20251227_161924/checkpoint_ep370.pth
2025-12-27 16:38:13,117 - INFO - Checkpoint saved at episode 380: logs/run_20251227_161924/checkpoint_ep380.pth
2025-12-27 16:38:40,079 - INFO - Checkpoint saved at episode 390: logs/run_20251227_161924/checkpoint_ep390.pth
2025-12-27 16:39:02,934 - INFO - Checkpoint saved at episode 400: logs/run_20251227_161924/checkpoint_ep400.pth
2025-12-27 16:39:19,683 - INFO - Checkpoint saved at episode 410: logs/run_20251227_161924/checkpoint_ep410.pth
2025-12-27 16:39:41,289 - INFO - Checkpoint saved at episode 420: logs/run_20251227_161924/checkpoint_ep420.pth
2025-12-27 16:39:59,204 - INFO - Checkpoint saved at episode 430: logs/run_20251227_161924/checkpoint_ep430.pth
2025-12-27 16:40:15,554 - INFO - Checkpoint saved at episode 440: logs/run_20251227_161924/checkpoint_ep440.pth
2025-12-27 16:40:37,359 - INFO - Checkpoint saved at episode 450: logs/run_20251227_161924/checkpoint_ep450.pth
2025-12-27 16:40:53,995 - INFO - Checkpoint saved at episode 460: logs/run_20251227_161924/checkpoint_ep460.pth
2025-12-27 16:41:08,956 - INFO - Checkpoint saved at episode 470: logs/run_20251227_161924/checkpoint_ep470.pth
2025-12-27 16:41:27,768 - INFO - Checkpoint saved at episode 480: logs/run_20251227_161924/checkpoint_ep480.pth
2025-12-27 16:41:42,752 - INFO - Checkpoint saved at episode 490: logs/run_20251227_161924/checkpoint_ep490.pth
2025-12-27 16:42:02,364 - INFO - Checkpoint saved at episode 500: logs/run_20251227_161924/checkpoint_ep500.pth
2025-12-27 16:42:15,478 - INFO - Checkpoint saved at episode 510: logs/run_20251227_161924/checkpoint_ep510.pth
2025-12-27 16:42:24,173 - INFO - Checkpoint saved at episode 520: logs/run_20251227_161924/checkpoint_ep520.pth
2025-12-27 16:42:35,914 - INFO - Checkpoint saved at episode 530: logs/run_20251227_161924/checkpoint_ep530.pth
2025-12-27 16:42:54,777 - INFO - Checkpoint saved at episode 540: logs/run_20251227_161924/checkpoint_ep540.pth
2025-12-27 16:43:15,998 - INFO - Checkpoint saved at episode 550: logs/run_20251227_161924/checkpoint_ep550.pth
2025-12-27 16:43:50,922 - INFO - Checkpoint saved at episode 560: logs/run_20251227_161924/checkpoint_ep560.pth
2025-12-27 16:44:27,785 - INFO - Checkpoint saved at episode 570: logs/run_20251227_161924/checkpoint_ep570.pth
2025-12-27 16:52:58,501 - INFO - Checkpoint saved at episode 580: logs/run_20251227_161924/checkpoint_ep580.pth
2025-12-27 16:54:12,712 - INFO - Checkpoint saved at episode 590: logs/run_20251227_161924/checkpoint_ep590.pth
2025-12-27 16:54:45,407 - INFO - Checkpoint saved at episode 600: logs/run_20251227_161924/checkpoint_ep600.pth
2025-12-27 17:03:07,959 - INFO - Checkpoint saved at episode 610: logs/run_20251227_161924/checkpoint_ep610.pth
2025-12-27 17:04:50,521 - INFO - Checkpoint saved at episode 620: logs/run_20251227_161924/checkpoint_ep620.pth
2025-12-27 17:05:21,614 - INFO - Checkpoint saved at episode 630: logs/run_20251227_161924/checkpoint_ep630.pth
2025-12-27 17:13:32,077 - INFO - Checkpoint saved at episode 640: logs/run_20251227_161924/checkpoint_ep640.pth
2025-12-27 17:14:52,834 - INFO - Checkpoint saved at episode 650: logs/run_20251227_161924/checkpoint_ep650.pth
2025-12-27 17:15:35,716 - INFO - Checkpoint saved at episode 660: logs/run_20251227_161924/checkpoint_ep660.pth
2025-12-27 17:16:14,902 - INFO - Checkpoint saved at episode 670: logs/run_20251227_161924/checkpoint_ep670.pth
2025-12-27 17:24:58,622 - INFO - Checkpoint saved at episode 680: logs/run_20251227_161924/checkpoint_ep680.pth
2025-12-27 17:25:59,149 - INFO - Checkpoint saved at episode 690: logs/run_20251227_161924/checkpoint_ep690.pth
2025-12-27 17:26:23,901 - INFO - Checkpoint saved at episode 700: logs/run_20251227_161924/checkpoint_ep700.pth
2025-12-27 17:26:46,827 - INFO - Checkpoint saved at episode 710: logs/run_20251227_161924/checkpoint_ep710.pth
2025-12-27 17:27:09,765 - INFO - Checkpoint saved at episode 720: logs/run_20251227_161924/checkpoint_ep720.pth
2025-12-27 17:27:22,933 - INFO - Checkpoint saved at episode 730: logs/run_20251227_161924/checkpoint_ep730.pth
2025-12-27 17:27:46,224 - INFO - Checkpoint saved at episode 740: logs/run_20251227_161924/checkpoint_ep740.pth
2025-12-27 17:28:01,811 - INFO - Checkpoint saved at episode 750: logs/run_20251227_161924/checkpoint_ep750.pth
2025-12-27 17:28:19,913 - INFO - Checkpoint saved at episode 760: logs/run_20251227_161924/checkpoint_ep760.pth
2025-12-27 17:28:46,465 - INFO - Checkpoint saved at episode 770: logs/run_20251227_161924/checkpoint_ep770.pth
2025-12-27 17:29:15,763 - INFO - Checkpoint saved at episode 780: logs/run_20251227_161924/checkpoint_ep780.pth
2025-12-27 17:30:01,153 - INFO - Checkpoint saved at episode 790: logs/run_20251227_161924/checkpoint_ep790.pth
2025-12-27 17:30:22,346 - INFO - Checkpoint saved at episode 800: logs/run_20251227_161924/checkpoint_ep800.pth
2025-12-27 17:30:35,105 - INFO - Checkpoint saved at episode 810: logs/run_20251227_161924/checkpoint_ep810.pth
2025-12-27 17:30:57,293 - INFO - Checkpoint saved at episode 820: logs/run_20251227_161924/checkpoint_ep820.pth
2025-12-27 17:31:15,808 - INFO - Checkpoint saved at episode 830: logs/run_20251227_161924/checkpoint_ep830.pth
2025-12-27 17:31:32,502 - INFO - Checkpoint saved at episode 840: logs/run_20251227_161924/checkpoint_ep840.pth
2025-12-27 17:32:02,897 - INFO - Checkpoint saved at episode 850: logs/run_20251227_161924/checkpoint_ep850.pth
2025-12-27 17:32:23,223 - INFO - Checkpoint saved at episode 860: logs/run_20251227_161924/checkpoint_ep860.pth
2025-12-27 17:32:39,635 - INFO - Checkpoint saved at episode 870: logs/run_20251227_161924/checkpoint_ep870.pth
2025-12-27 17:32:58,360 - INFO - Checkpoint saved at episode 880: logs/run_20251227_161924/checkpoint_ep880.pth
2025-12-27 17:33:12,219 - INFO - Checkpoint saved at episode 890: logs/run_20251227_161924/checkpoint_ep890.pth
2025-12-27 17:33:39,396 - INFO - Checkpoint saved at episode 900: logs/run_20251227_161924/checkpoint_ep900.pth
2025-12-27 17:33:56,091 - INFO - Checkpoint saved at episode 910: logs/run_20251227_161924/checkpoint_ep910.pth
2025-12-27 17:34:32,096 - INFO - Checkpoint saved at episode 920: logs/run_20251227_161924/checkpoint_ep920.pth
2025-12-27 17:34:43,712 - INFO - Checkpoint saved at episode 930: logs/run_20251227_161924/checkpoint_ep930.pth
2025-12-27 17:35:28,648 - INFO - Checkpoint saved at episode 940: logs/run_20251227_161924/checkpoint_ep940.pth
2025-12-27 17:35:57,152 - INFO - Checkpoint saved at episode 950: logs/run_20251227_161924/checkpoint_ep950.pth
2025-12-27 17:36:11,628 - INFO - Checkpoint saved at episode 960: logs/run_20251227_161924/checkpoint_ep960.pth
2025-12-27 17:45:39,975 - INFO - Checkpoint saved at episode 970: logs/run_20251227_161924/checkpoint_ep970.pth
2025-12-27 17:46:38,891 - INFO - Checkpoint saved at episode 980: logs/run_20251227_161924/checkpoint_ep980.pth
2025-12-27 17:46:49,446 - INFO - Checkpoint saved at episode 990: logs/run_20251227_161924/checkpoint_ep990.pth
2025-12-27 17:48:18,641 - INFO - Checkpoint saved at episode 1000: logs/run_20251227_161924/checkpoint_ep1000.pth
2025-12-27 17:57:06,127 - INFO - Checkpoint saved at episode 1010: logs/run_20251227_161924/checkpoint_ep1010.pth
2025-12-27 17:57:21,263 - INFO - Checkpoint saved at episode 1020: logs/run_20251227_161924/checkpoint_ep1020.pth
2025-12-27 17:57:55,617 - INFO - Checkpoint saved at episode 1030: logs/run_20251227_161924/checkpoint_ep1030.pth
2025-12-27 18:01:38,893 - INFO - Checkpoint saved at episode 1040: logs/run_20251227_161924/checkpoint_ep1040.pth
2025-12-27 18:01:58,020 - INFO - Checkpoint saved at episode 1050: logs/run_20251227_161924/checkpoint_ep1050.pth
2025-12-27 18:02:32,115 - INFO - Checkpoint saved at episode 1060: logs/run_20251227_161924/checkpoint_ep1060.pth
2025-12-27 18:03:15,993 - INFO - Checkpoint saved at episode 1070: logs/run_20251227_161924/checkpoint_ep1070.pth
2025-12-27 18:03:57,796 - INFO - Checkpoint saved at episode 1080: logs/run_20251227_161924/checkpoint_ep1080.pth
2025-12-27 18:04:54,326 - INFO - Checkpoint saved at episode 1090: logs/run_20251227_161924/checkpoint_ep1090.pth
2025-12-27 18:05:48,626 - INFO - Checkpoint saved at episode 1100: logs/run_20251227_161924/checkpoint_ep1100.pth
2025-12-27 18:14:13,780 - INFO - Checkpoint saved at episode 1110: logs/run_20251227_161924/checkpoint_ep1110.pth
2025-12-27 18:15:05,870 - INFO - Checkpoint saved at episode 1120: logs/run_20251227_161924/checkpoint_ep1120.pth
2025-12-27 18:15:57,406 - INFO - Checkpoint saved at episode 1130: logs/run_20251227_161924/checkpoint_ep1130.pth
2025-12-27 18:24:30,435 - INFO - Checkpoint saved at episode 1140: logs/run_20251227_161924/checkpoint_ep1140.pth
2025-12-27 18:25:24,395 - INFO - Checkpoint saved at episode 1150: logs/run_20251227_161924/checkpoint_ep1150.pth
2025-12-27 18:26:23,984 - INFO - Checkpoint saved at episode 1160: logs/run_20251227_161924/checkpoint_ep1160.pth
2025-12-27 18:34:56,751 - INFO - Checkpoint saved at episode 1170: logs/run_20251227_161924/checkpoint_ep1170.pth
2025-12-27 18:35:44,969 - INFO - Checkpoint saved at episode 1180: logs/run_20251227_161924/checkpoint_ep1180.pth
2025-12-27 18:36:42,202 - INFO - Checkpoint saved at episode 1190: logs/run_20251227_161924/checkpoint_ep1190.pth
2025-12-27 18:43:39,688 - INFO - Checkpoint saved at episode 1200: logs/run_20251227_161924/checkpoint_ep1200.pth
2025-12-27 18:46:01,596 - INFO - Checkpoint saved at episode 1210: logs/run_20251227_161924/checkpoint_ep1210.pth
2025-12-27 18:47:08,392 - INFO - Checkpoint saved at episode 1220: logs/run_20251227_161924/checkpoint_ep1220.pth
2025-12-27 18:48:27,403 - INFO - Checkpoint saved at episode 1230: logs/run_20251227_161924/checkpoint_ep1230.pth
2025-12-27 18:56:27,521 - INFO - Checkpoint saved at episode 1240: logs/run_20251227_161924/checkpoint_ep1240.pth
2025-12-27 18:57:25,343 - INFO - Checkpoint saved at episode 1250: logs/run_20251227_161924/checkpoint_ep1250.pth
2025-12-27 18:58:19,629 - INFO - Checkpoint saved at episode 1260: logs/run_20251227_161924/checkpoint_ep1260.pth
2025-12-27 19:06:46,531 - INFO - Checkpoint saved at episode 1270: logs/run_20251227_161924/checkpoint_ep1270.pth
2025-12-27 19:07:39,598 - INFO - Checkpoint saved at episode 1280: logs/run_20251227_161924/checkpoint_ep1280.pth
2025-12-27 19:08:31,306 - INFO - Checkpoint saved at episode 1290: logs/run_20251227_161924/checkpoint_ep1290.pth
2025-12-27 19:17:03,781 - INFO - Checkpoint saved at episode 1300: logs/run_20251227_161924/checkpoint_ep1300.pth
2025-12-27 19:17:58,066 - INFO - Checkpoint saved at episode 1310: logs/run_20251227_161924/checkpoint_ep1310.pth
2025-12-27 19:18:55,074 - INFO - Checkpoint saved at episode 1320: logs/run_20251227_161924/checkpoint_ep1320.pth
2025-12-27 19:26:54,135 - INFO - Checkpoint saved at episode 1330: logs/run_20251227_161924/checkpoint_ep1330.pth
2025-12-27 19:27:57,863 - INFO - Checkpoint saved at episode 1340: logs/run_20251227_161924/checkpoint_ep1340.pth
2025-12-27 19:29:10,913 - INFO - Checkpoint saved at episode 1350: logs/run_20251227_161924/checkpoint_ep1350.pth
2025-12-27 19:30:56,351 - INFO - Checkpoint saved at episode 1360: logs/run_20251227_161924/checkpoint_ep1360.pth
2025-12-27 19:33:48,703 - INFO - Episode 1360: Avg Reward (10) = 171.73, Total Steps = 960000
2025-12-27 19:38:05,299 - INFO - Checkpoint saved at episode 1370: logs/run_20251227_161924/checkpoint_ep1370.pth
2025-12-27 19:39:04,220 - INFO - Checkpoint saved at episode 1380: logs/run_20251227_161924/checkpoint_ep1380.pth
2025-12-27 19:40:01,301 - INFO - Checkpoint saved at episode 1390: logs/run_20251227_161924/checkpoint_ep1390.pth
2025-12-27 19:40:20,006 - INFO - Episode 1390: Avg Reward (10) = 394.40, Total Steps = 992000
2025-12-27 19:47:03,403 - INFO - Checkpoint saved at episode 1400: logs/run_20251227_161924/checkpoint_ep1400.pth
2025-12-27 19:48:13,307 - INFO - Checkpoint saved at episode 1410: logs/run_20251227_161924/checkpoint_ep1410.pth
2025-12-27 19:48:59,521 - INFO - Checkpoint saved at episode 1420: logs/run_20251227_161924/checkpoint_ep1420.pth
2025-12-27 19:56:23,211 - INFO - Checkpoint saved at episode 1430: logs/run_20251227_161924/checkpoint_ep1430.pth
2025-12-27 19:58:21,980 - INFO - Checkpoint saved at episode 1440: logs/run_20251227_161924/checkpoint_ep1440.pth
2025-12-27 19:59:17,179 - INFO - Checkpoint saved at episode 1450: logs/run_20251227_161924/checkpoint_ep1450.pth
2025-12-27 20:05:38,652 - INFO - Checkpoint saved at episode 1460: logs/run_20251227_161924/checkpoint_ep1460.pth
2025-12-27 20:07:01,238 - INFO - Checkpoint saved at episode 1470: logs/run_20251227_161924/checkpoint_ep1470.pth
2025-12-27 20:07:37,978 - INFO - Checkpoint saved at episode 1480: logs/run_20251227_161924/checkpoint_ep1480.pth
2025-12-27 20:12:32,649 - INFO - Checkpoint saved at episode 1490: logs/run_20251227_161924/checkpoint_ep1490.pth
2025-12-27 20:13:03,463 - INFO - Episode 1490: Avg Reward (10) = 173.33, Total Steps = 1152000
2025-12-27 20:14:30,249 - INFO - Checkpoint saved at episode 1500: logs/run_20251227_161924/checkpoint_ep1500.pth
2025-12-27 20:15:09,124 - INFO - Checkpoint saved at episode 1510: logs/run_20251227_161924/checkpoint_ep1510.pth
2025-12-27 20:16:50,547 - INFO - Checkpoint saved at episode 1520: logs/run_20251227_161924/checkpoint_ep1520.pth
2025-12-27 20:21:43,566 - INFO - Checkpoint saved at episode 1530: logs/run_20251227_161924/checkpoint_ep1530.pth
2025-12-27 20:22:32,824 - INFO - Checkpoint saved at episode 1540: logs/run_20251227_161924/checkpoint_ep1540.pth
2025-12-27 20:23:46,706 - INFO - Checkpoint saved at episode 1550: logs/run_20251227_161924/checkpoint_ep1550.pth
2025-12-27 20:28:45,249 - INFO - Checkpoint saved at episode 1560: logs/run_20251227_161924/checkpoint_ep1560.pth
2025-12-27 20:29:55,392 - INFO - Checkpoint saved at episode 1570: logs/run_20251227_161924/checkpoint_ep1570.pth
2025-12-27 20:30:48,638 - INFO - Checkpoint saved at episode 1580: logs/run_20251227_161924/checkpoint_ep1580.pth
2025-12-27 20:35:39,483 - INFO - Checkpoint saved at episode 1590: logs/run_20251227_161924/checkpoint_ep1590.pth
2025-12-27 20:36:53,252 - INFO - Checkpoint saved at episode 1600: logs/run_20251227_161924/checkpoint_ep1600.pth
2025-12-27 20:37:36,581 - INFO - Checkpoint saved at episode 1610: logs/run_20251227_161924/checkpoint_ep1610.pth
2025-12-27 20:42:36,557 - INFO - Checkpoint saved at episode 1620: logs/run_20251227_161924/checkpoint_ep1620.pth
2025-12-27 20:43:43,083 - INFO - Checkpoint saved at episode 1630: logs/run_20251227_161924/checkpoint_ep1630.pth
2025-12-27 20:44:24,068 - INFO - Checkpoint saved at episode 1640: logs/run_20251227_161924/checkpoint_ep1640.pth
2025-12-27 20:47:14,544 - INFO - Checkpoint saved at episode 1650: logs/run_20251227_161924/checkpoint_ep1650.pth
2025-12-27 20:50:19,308 - INFO - Checkpoint saved at episode 1660: logs/run_20251227_161924/checkpoint_ep1660.pth
2025-12-27 20:51:05,050 - INFO - Checkpoint saved at episode 1670: logs/run_20251227_161924/checkpoint_ep1670.pth
2025-12-27 20:52:22,109 - INFO - Checkpoint saved at episode 1680: logs/run_20251227_161924/checkpoint_ep1680.pth
2025-12-27 20:52:29,387 - INFO - Episode 1680: Avg Reward (10) = 539.86, Total Steps = 1344000
2025-12-27 20:56:50,938 - INFO - Checkpoint saved at episode 1690: logs/run_20251227_161924/checkpoint_ep1690.pth
2025-12-27 20:57:28,741 - INFO - Checkpoint saved at episode 1700: logs/run_20251227_161924/checkpoint_ep1700.pth
2025-12-27 20:58:01,209 - INFO - Checkpoint saved at episode 1710: logs/run_20251227_161924/checkpoint_ep1710.pth
2025-12-27 20:58:29,169 - INFO - Checkpoint saved at episode 1720: logs/run_20251227_161924/checkpoint_ep1720.pth
2025-12-27 21:02:48,665 - INFO - Checkpoint saved at episode 1730: logs/run_20251227_161924/checkpoint_ep1730.pth
2025-12-27 21:07:33,859 - INFO - Checkpoint saved at episode 1740: logs/run_20251227_161924/checkpoint_ep1740.pth
2025-12-27 21:08:54,438 - INFO - Checkpoint saved at episode 1750: logs/run_20251227_161924/checkpoint_ep1750.pth
2025-12-27 21:11:17,719 - INFO - Checkpoint saved at episode 1760: logs/run_20251227_161924/checkpoint_ep1760.pth
2025-12-27 21:14:55,736 - INFO - Checkpoint saved at episode 1770: logs/run_20251227_161924/checkpoint_ep1770.pth
2025-12-27 21:16:23,664 - INFO - Checkpoint saved at episode 1780: logs/run_20251227_161924/checkpoint_ep1780.pth
2025-12-27 21:18:30,994 - INFO - Checkpoint saved at episode 1790: logs/run_20251227_161924/checkpoint_ep1790.pth
2025-12-27 21:20:47,894 - INFO - Checkpoint saved at episode 1800: logs/run_20251227_161924/checkpoint_ep1800.pth
2025-12-27 21:21:48,265 - INFO - Checkpoint saved at episode 1810: logs/run_20251227_161924/checkpoint_ep1810.pth
2025-12-27 21:24:01,492 - INFO - Checkpoint saved at episode 1820: logs/run_20251227_161924/checkpoint_ep1820.pth
2025-12-27 21:26:06,760 - INFO - Checkpoint saved at episode 1830: logs/run_20251227_161924/checkpoint_ep1830.pth
2025-12-27 21:27:38,053 - INFO - Checkpoint saved at episode 1840: logs/run_20251227_161924/checkpoint_ep1840.pth
2025-12-27 21:29:35,589 - INFO - Checkpoint saved at episode 1850: logs/run_20251227_161924/checkpoint_ep1850.pth
2025-12-27 21:31:46,542 - INFO - Checkpoint saved at episode 1860: logs/run_20251227_161924/checkpoint_ep1860.pth
2025-12-27 21:33:16,847 - INFO - Checkpoint saved at episode 1870: logs/run_20251227_161924/checkpoint_ep1870.pth
2025-12-27 21:35:15,909 - INFO - Checkpoint saved at episode 1880: logs/run_20251227_161924/checkpoint_ep1880.pth
2025-12-27 21:37:02,920 - INFO - Checkpoint saved at episode 1890: logs/run_20251227_161924/checkpoint_ep1890.pth
2025-12-27 21:38:58,114 - INFO - Checkpoint saved at episode 1900: logs/run_20251227_161924/checkpoint_ep1900.pth
2025-12-27 21:40:29,201 - INFO - Checkpoint saved at episode 1910: logs/run_20251227_161924/checkpoint_ep1910.pth
2025-12-27 21:42:27,745 - INFO - Checkpoint saved at episode 1920: logs/run_20251227_161924/checkpoint_ep1920.pth
2025-12-27 21:44:42,613 - INFO - Checkpoint saved at episode 1930: logs/run_20251227_161924/checkpoint_ep1930.pth
2025-12-27 21:45:33,649 - INFO - Checkpoint saved at episode 1940: logs/run_20251227_161924/checkpoint_ep1940.pth
2025-12-27 21:47:34,618 - INFO - Checkpoint saved at episode 1950: logs/run_20251227_161924/checkpoint_ep1950.pth
2025-12-27 21:49:44,790 - INFO - Checkpoint saved at episode 1960: logs/run_20251227_161924/checkpoint_ep1960.pth
2025-12-27 21:50:50,116 - INFO - Checkpoint saved at episode 1970: logs/run_20251227_161924/checkpoint_ep1970.pth
2025-12-27 21:52:51,941 - INFO - Checkpoint saved at episode 1980: logs/run_20251227_161924/checkpoint_ep1980.pth
2025-12-27 21:54:58,959 - INFO - Checkpoint saved at episode 1990: logs/run_20251227_161924/checkpoint_ep1990.pth
2025-12-27 21:56:24,805 - INFO - Checkpoint saved at episode 2000: logs/run_20251227_161924/checkpoint_ep2000.pth
2025-12-27 21:56:25,339 - INFO - Episode 2000: Avg Reward (10) = 583.31, Total Steps = 1662976
2025-12-27 21:56:25,618 - INFO - Training finished/stopped.
