2025-12-29 14:05:03,715 - INFO - Starting training with device: cuda, LR: 0.0001, Num Envs: 64
2025-12-29 14:05:03,719 - INFO - Hyperparams: tau=0.001, batch_size=1024, buffer_size=1000000, target_entropy=None, hidden_dim=256, seed=42
2025-12-29 14:05:03,724 - INFO - Obstacles enabled: True, Difficulty: 0.7
2025-12-29 14:05:03,728 - INFO - Logs and checkpoints will be saved to: logs/run_obstacles_d0.7_20251229_140503
2025-12-29 14:05:04,806 - INFO - Using 64 vectorized environments (async) with WalkingRewardWrapper
2025-12-29 14:05:04,813 - INFO - Obstacle environment enabled with difficulty=0.7
2025-12-29 14:05:04,818 - INFO - Initializing SAC Agent on device: cuda
2025-12-29 14:05:05,495 - INFO - Checkpoint saved at episode 10: logs/run_obstacles_d0.7_20251229_140503/checkpoint_ep10.pth
2025-12-29 14:05:06,004 - INFO - Checkpoint saved at episode 20: logs/run_obstacles_d0.7_20251229_140503/checkpoint_ep20.pth
2025-12-29 14:05:06,486 - INFO - Checkpoint saved at episode 30: logs/run_obstacles_d0.7_20251229_140503/checkpoint_ep30.pth
2025-12-29 14:05:07,136 - INFO - Checkpoint saved at episode 40: logs/run_obstacles_d0.7_20251229_140503/checkpoint_ep40.pth
2025-12-29 14:05:07,802 - INFO - Checkpoint saved at episode 50: logs/run_obstacles_d0.7_20251229_140503/checkpoint_ep50.pth
2025-12-29 14:05:09,068 - INFO - Checkpoint saved at episode 60: logs/run_obstacles_d0.7_20251229_140503/checkpoint_ep60.pth
2025-12-29 14:05:31,434 - INFO - Checkpoint saved at episode 70: logs/run_obstacles_d0.7_20251229_140503/checkpoint_ep70.pth
2025-12-29 14:05:55,442 - INFO - Checkpoint saved at episode 80: logs/run_obstacles_d0.7_20251229_140503/checkpoint_ep80.pth
2025-12-29 14:06:17,160 - INFO - Checkpoint saved at episode 90: logs/run_obstacles_d0.7_20251229_140503/checkpoint_ep90.pth
2025-12-29 14:06:52,736 - INFO - Checkpoint saved at episode 100: logs/run_obstacles_d0.7_20251229_140503/checkpoint_ep100.pth
2025-12-29 14:07:49,214 - INFO - Checkpoint saved at episode 110: logs/run_obstacles_d0.7_20251229_140503/checkpoint_ep110.pth
2025-12-29 14:11:07,214 - INFO - Checkpoint saved at episode 120: logs/run_obstacles_d0.7_20251229_140503/checkpoint_ep120.pth
2025-12-29 14:12:48,410 - INFO - Checkpoint saved at episode 130: logs/run_obstacles_d0.7_20251229_140503/checkpoint_ep130.pth
2025-12-29 14:16:03,862 - INFO - Checkpoint saved at episode 140: logs/run_obstacles_d0.7_20251229_140503/checkpoint_ep140.pth
2025-12-29 14:16:29,468 - INFO - Checkpoint saved at episode 150: logs/run_obstacles_d0.7_20251229_140503/checkpoint_ep150.pth
2025-12-29 14:16:44,691 - INFO - Checkpoint saved at episode 160: logs/run_obstacles_d0.7_20251229_140503/checkpoint_ep160.pth
2025-12-29 14:16:55,533 - INFO - Checkpoint saved at episode 170: logs/run_obstacles_d0.7_20251229_140503/checkpoint_ep170.pth
2025-12-29 14:17:10,865 - INFO - Checkpoint saved at episode 180: logs/run_obstacles_d0.7_20251229_140503/checkpoint_ep180.pth
2025-12-29 14:17:23,878 - INFO - Checkpoint saved at episode 190: logs/run_obstacles_d0.7_20251229_140503/checkpoint_ep190.pth
2025-12-29 14:17:31,636 - INFO - Checkpoint saved at episode 200: logs/run_obstacles_d0.7_20251229_140503/checkpoint_ep200.pth
2025-12-29 14:17:44,631 - INFO - Checkpoint saved at episode 210: logs/run_obstacles_d0.7_20251229_140503/checkpoint_ep210.pth
2025-12-29 14:17:52,463 - INFO - Checkpoint saved at episode 220: logs/run_obstacles_d0.7_20251229_140503/checkpoint_ep220.pth
2025-12-29 14:18:12,788 - INFO - Checkpoint saved at episode 230: logs/run_obstacles_d0.7_20251229_140503/checkpoint_ep230.pth
2025-12-29 14:18:33,232 - INFO - Checkpoint saved at episode 240: logs/run_obstacles_d0.7_20251229_140503/checkpoint_ep240.pth
2025-12-29 14:18:43,194 - INFO - Checkpoint saved at episode 250: logs/run_obstacles_d0.7_20251229_140503/checkpoint_ep250.pth
2025-12-29 14:18:58,333 - INFO - Checkpoint saved at episode 260: logs/run_obstacles_d0.7_20251229_140503/checkpoint_ep260.pth
2025-12-29 14:19:17,196 - INFO - Checkpoint saved at episode 270: logs/run_obstacles_d0.7_20251229_140503/checkpoint_ep270.pth
2025-12-29 14:20:05,131 - INFO - Checkpoint saved at episode 280: logs/run_obstacles_d0.7_20251229_140503/checkpoint_ep280.pth
2025-12-29 14:20:42,485 - INFO - Checkpoint saved at episode 290: logs/run_obstacles_d0.7_20251229_140503/checkpoint_ep290.pth
2025-12-29 14:21:20,569 - INFO - Checkpoint saved at episode 300: logs/run_obstacles_d0.7_20251229_140503/checkpoint_ep300.pth
2025-12-29 14:21:36,546 - INFO - Checkpoint saved at episode 310: logs/run_obstacles_d0.7_20251229_140503/checkpoint_ep310.pth
2025-12-29 14:22:15,364 - INFO - Checkpoint saved at episode 320: logs/run_obstacles_d0.7_20251229_140503/checkpoint_ep320.pth
2025-12-29 14:22:43,845 - INFO - Checkpoint saved at episode 330: logs/run_obstacles_d0.7_20251229_140503/checkpoint_ep330.pth
2025-12-29 14:23:08,651 - INFO - Checkpoint saved at episode 340: logs/run_obstacles_d0.7_20251229_140503/checkpoint_ep340.pth
2025-12-29 14:23:29,741 - INFO - Checkpoint saved at episode 350: logs/run_obstacles_d0.7_20251229_140503/checkpoint_ep350.pth
2025-12-29 14:24:51,516 - INFO - Checkpoint saved at episode 360: logs/run_obstacles_d0.7_20251229_140503/checkpoint_ep360.pth
2025-12-29 14:27:04,692 - INFO - Checkpoint saved at episode 370: logs/run_obstacles_d0.7_20251229_140503/checkpoint_ep370.pth
2025-12-29 14:29:16,022 - INFO - Checkpoint saved at episode 380: logs/run_obstacles_d0.7_20251229_140503/checkpoint_ep380.pth
2025-12-29 14:34:47,198 - INFO - Checkpoint saved at episode 390: logs/run_obstacles_d0.7_20251229_140503/checkpoint_ep390.pth
2025-12-29 14:41:17,042 - INFO - Checkpoint saved at episode 400: logs/run_obstacles_d0.7_20251229_140503/checkpoint_ep400.pth
2025-12-29 14:42:13,050 - INFO - Checkpoint saved at episode 410: logs/run_obstacles_d0.7_20251229_140503/checkpoint_ep410.pth
2025-12-29 14:43:03,074 - INFO - Checkpoint saved at episode 420: logs/run_obstacles_d0.7_20251229_140503/checkpoint_ep420.pth
2025-12-29 14:43:41,406 - INFO - Checkpoint saved at episode 430: logs/run_obstacles_d0.7_20251229_140503/checkpoint_ep430.pth
2025-12-29 14:45:08,613 - INFO - Checkpoint saved at episode 440: logs/run_obstacles_d0.7_20251229_140503/checkpoint_ep440.pth
2025-12-29 14:45:44,670 - INFO - Checkpoint saved at episode 450: logs/run_obstacles_d0.7_20251229_140503/checkpoint_ep450.pth
2025-12-29 14:46:47,361 - INFO - Checkpoint saved at episode 460: logs/run_obstacles_d0.7_20251229_140503/checkpoint_ep460.pth
2025-12-29 14:48:01,420 - INFO - Checkpoint saved at episode 470: logs/run_obstacles_d0.7_20251229_140503/checkpoint_ep470.pth
2025-12-29 14:49:39,418 - INFO - Checkpoint saved at episode 480: logs/run_obstacles_d0.7_20251229_140503/checkpoint_ep480.pth
2025-12-29 14:54:59,480 - INFO - Checkpoint saved at episode 490: logs/run_obstacles_d0.7_20251229_140503/checkpoint_ep490.pth
2025-12-29 14:58:59,527 - INFO - Checkpoint saved at episode 500: logs/run_obstacles_d0.7_20251229_140503/checkpoint_ep500.pth
2025-12-29 15:00:32,126 - INFO - Checkpoint saved at episode 510: logs/run_obstacles_d0.7_20251229_140503/checkpoint_ep510.pth
2025-12-29 15:01:39,470 - INFO - Checkpoint saved at episode 520: logs/run_obstacles_d0.7_20251229_140503/checkpoint_ep520.pth
2025-12-29 15:02:14,105 - INFO - Checkpoint saved at episode 530: logs/run_obstacles_d0.7_20251229_140503/checkpoint_ep530.pth
2025-12-29 15:03:58,536 - INFO - Checkpoint saved at episode 540: logs/run_obstacles_d0.7_20251229_140503/checkpoint_ep540.pth
2025-12-29 15:05:32,644 - INFO - Checkpoint saved at episode 550: logs/run_obstacles_d0.7_20251229_140503/checkpoint_ep550.pth
2025-12-29 15:09:15,059 - INFO - Checkpoint saved at episode 560: logs/run_obstacles_d0.7_20251229_140503/checkpoint_ep560.pth
2025-12-29 15:11:46,849 - INFO - Checkpoint saved at episode 570: logs/run_obstacles_d0.7_20251229_140503/checkpoint_ep570.pth
2025-12-29 15:14:26,543 - INFO - Checkpoint saved at episode 580: logs/run_obstacles_d0.7_20251229_140503/checkpoint_ep580.pth
2025-12-29 15:16:20,266 - INFO - Checkpoint saved at episode 590: logs/run_obstacles_d0.7_20251229_140503/checkpoint_ep590.pth
2025-12-29 15:17:03,079 - INFO - Checkpoint saved at episode 600: logs/run_obstacles_d0.7_20251229_140503/checkpoint_ep600.pth
2025-12-29 15:18:17,011 - INFO - Checkpoint saved at episode 610: logs/run_obstacles_d0.7_20251229_140503/checkpoint_ep610.pth
2025-12-29 15:19:31,486 - INFO - Checkpoint saved at episode 620: logs/run_obstacles_d0.7_20251229_140503/checkpoint_ep620.pth
2025-12-29 15:20:46,531 - INFO - Checkpoint saved at episode 630: logs/run_obstacles_d0.7_20251229_140503/checkpoint_ep630.pth
2025-12-29 15:22:27,919 - INFO - Checkpoint saved at episode 640: logs/run_obstacles_d0.7_20251229_140503/checkpoint_ep640.pth
2025-12-29 15:25:30,108 - INFO - Checkpoint saved at episode 650: logs/run_obstacles_d0.7_20251229_140503/checkpoint_ep650.pth
2025-12-29 15:29:55,135 - INFO - Checkpoint saved at episode 660: logs/run_obstacles_d0.7_20251229_140503/checkpoint_ep660.pth
2025-12-29 15:31:26,903 - INFO - Checkpoint saved at episode 670: logs/run_obstacles_d0.7_20251229_140503/checkpoint_ep670.pth
2025-12-29 15:33:07,724 - INFO - Checkpoint saved at episode 680: logs/run_obstacles_d0.7_20251229_140503/checkpoint_ep680.pth
2025-12-29 15:33:57,394 - INFO - Checkpoint saved at episode 690: logs/run_obstacles_d0.7_20251229_140503/checkpoint_ep690.pth
2025-12-29 15:36:02,690 - INFO - Checkpoint saved at episode 700: logs/run_obstacles_d0.7_20251229_140503/checkpoint_ep700.pth
2025-12-29 15:37:23,126 - INFO - Checkpoint saved at episode 710: logs/run_obstacles_d0.7_20251229_140503/checkpoint_ep710.pth
2025-12-29 15:39:35,825 - INFO - Checkpoint saved at episode 720: logs/run_obstacles_d0.7_20251229_140503/checkpoint_ep720.pth
2025-12-29 15:41:19,517 - INFO - Checkpoint saved at episode 730: logs/run_obstacles_d0.7_20251229_140503/checkpoint_ep730.pth
2025-12-29 15:42:40,182 - INFO - Episode 730: Avg Reward (10) = 280.39, Total Steps = 512000
2025-12-29 15:45:33,213 - INFO - Checkpoint saved at episode 740: logs/run_obstacles_d0.7_20251229_140503/checkpoint_ep740.pth
2025-12-29 15:47:20,197 - INFO - Checkpoint saved at episode 750: logs/run_obstacles_d0.7_20251229_140503/checkpoint_ep750.pth
2025-12-29 15:48:39,452 - INFO - Checkpoint saved at episode 760: logs/run_obstacles_d0.7_20251229_140503/checkpoint_ep760.pth
2025-12-29 15:50:01,636 - INFO - Checkpoint saved at episode 770: logs/run_obstacles_d0.7_20251229_140503/checkpoint_ep770.pth
2025-12-29 15:51:21,283 - INFO - Checkpoint saved at episode 780: logs/run_obstacles_d0.7_20251229_140503/checkpoint_ep780.pth
2025-12-29 15:52:31,095 - INFO - Checkpoint saved at episode 790: logs/run_obstacles_d0.7_20251229_140503/checkpoint_ep790.pth
2025-12-29 15:55:08,773 - INFO - Checkpoint saved at episode 800: logs/run_obstacles_d0.7_20251229_140503/checkpoint_ep800.pth
2025-12-29 15:55:09,824 - INFO - Episode 800: Avg Reward (10) = 444.22, Total Steps = 576000
2025-12-29 15:58:36,197 - INFO - Checkpoint saved at episode 810: logs/run_obstacles_d0.7_20251229_140503/checkpoint_ep810.pth
2025-12-29 16:00:25,122 - INFO - Checkpoint saved at episode 820: logs/run_obstacles_d0.7_20251229_140503/checkpoint_ep820.pth
2025-12-29 16:02:27,260 - INFO - Checkpoint saved at episode 830: logs/run_obstacles_d0.7_20251229_140503/checkpoint_ep830.pth
2025-12-29 16:03:37,330 - INFO - Checkpoint saved at episode 840: logs/run_obstacles_d0.7_20251229_140503/checkpoint_ep840.pth
2025-12-29 16:05:17,227 - INFO - Checkpoint saved at episode 850: logs/run_obstacles_d0.7_20251229_140503/checkpoint_ep850.pth
2025-12-29 16:06:07,212 - INFO - Checkpoint saved at episode 860: logs/run_obstacles_d0.7_20251229_140503/checkpoint_ep860.pth
2025-12-29 16:07:26,860 - INFO - Checkpoint saved at episode 870: logs/run_obstacles_d0.7_20251229_140503/checkpoint_ep870.pth
2025-12-29 16:09:15,217 - INFO - Checkpoint saved at episode 880: logs/run_obstacles_d0.7_20251229_140503/checkpoint_ep880.pth
2025-12-29 16:11:11,045 - INFO - Checkpoint saved at episode 890: logs/run_obstacles_d0.7_20251229_140503/checkpoint_ep890.pth
2025-12-29 16:13:25,889 - INFO - Checkpoint saved at episode 900: logs/run_obstacles_d0.7_20251229_140503/checkpoint_ep900.pth
2025-12-29 16:14:59,632 - INFO - Checkpoint saved at episode 910: logs/run_obstacles_d0.7_20251229_140503/checkpoint_ep910.pth
2025-12-29 16:17:09,603 - INFO - Checkpoint saved at episode 920: logs/run_obstacles_d0.7_20251229_140503/checkpoint_ep920.pth
2025-12-29 16:18:47,908 - INFO - Checkpoint saved at episode 930: logs/run_obstacles_d0.7_20251229_140503/checkpoint_ep930.pth
2025-12-29 16:21:16,290 - INFO - Checkpoint saved at episode 940: logs/run_obstacles_d0.7_20251229_140503/checkpoint_ep940.pth
2025-12-29 16:22:50,512 - INFO - Checkpoint saved at episode 950: logs/run_obstacles_d0.7_20251229_140503/checkpoint_ep950.pth
2025-12-29 16:24:10,716 - INFO - Checkpoint saved at episode 960: logs/run_obstacles_d0.7_20251229_140503/checkpoint_ep960.pth
2025-12-29 16:26:16,831 - INFO - Checkpoint saved at episode 970: logs/run_obstacles_d0.7_20251229_140503/checkpoint_ep970.pth
2025-12-29 16:27:55,952 - INFO - Checkpoint saved at episode 980: logs/run_obstacles_d0.7_20251229_140503/checkpoint_ep980.pth
2025-12-29 16:29:48,180 - INFO - Checkpoint saved at episode 990: logs/run_obstacles_d0.7_20251229_140503/checkpoint_ep990.pth
2025-12-29 16:31:40,476 - INFO - Checkpoint saved at episode 1000: logs/run_obstacles_d0.7_20251229_140503/checkpoint_ep1000.pth
2025-12-29 16:32:52,386 - INFO - Checkpoint saved at episode 1010: logs/run_obstacles_d0.7_20251229_140503/checkpoint_ep1010.pth
2025-12-29 16:35:34,991 - INFO - Checkpoint saved at episode 1020: logs/run_obstacles_d0.7_20251229_140503/checkpoint_ep1020.pth
2025-12-29 16:38:23,528 - INFO - Checkpoint saved at episode 1030: logs/run_obstacles_d0.7_20251229_140503/checkpoint_ep1030.pth
2025-12-29 16:39:20,461 - INFO - Checkpoint saved at episode 1040: logs/run_obstacles_d0.7_20251229_140503/checkpoint_ep1040.pth
2025-12-29 16:40:49,446 - INFO - Checkpoint saved at episode 1050: logs/run_obstacles_d0.7_20251229_140503/checkpoint_ep1050.pth
2025-12-29 16:42:20,804 - INFO - Checkpoint saved at episode 1060: logs/run_obstacles_d0.7_20251229_140503/checkpoint_ep1060.pth
2025-12-29 16:43:55,777 - INFO - Checkpoint saved at episode 1070: logs/run_obstacles_d0.7_20251229_140503/checkpoint_ep1070.pth
2025-12-29 16:45:18,049 - INFO - Checkpoint saved at episode 1080: logs/run_obstacles_d0.7_20251229_140503/checkpoint_ep1080.pth
2025-12-29 16:46:22,247 - INFO - Checkpoint saved at episode 1090: logs/run_obstacles_d0.7_20251229_140503/checkpoint_ep1090.pth
2025-12-29 16:48:36,412 - INFO - Checkpoint saved at episode 1100: logs/run_obstacles_d0.7_20251229_140503/checkpoint_ep1100.pth
2025-12-29 16:52:28,453 - INFO - Checkpoint saved at episode 1110: logs/run_obstacles_d0.7_20251229_140503/checkpoint_ep1110.pth
2025-12-29 16:53:36,273 - INFO - Checkpoint saved at episode 1120: logs/run_obstacles_d0.7_20251229_140503/checkpoint_ep1120.pth
2025-12-29 16:55:34,465 - INFO - Checkpoint saved at episode 1130: logs/run_obstacles_d0.7_20251229_140503/checkpoint_ep1130.pth
2025-12-29 16:56:57,507 - INFO - Checkpoint saved at episode 1140: logs/run_obstacles_d0.7_20251229_140503/checkpoint_ep1140.pth
2025-12-29 16:58:20,649 - INFO - Checkpoint saved at episode 1150: logs/run_obstacles_d0.7_20251229_140503/checkpoint_ep1150.pth
2025-12-29 16:59:38,730 - INFO - Checkpoint saved at episode 1160: logs/run_obstacles_d0.7_20251229_140503/checkpoint_ep1160.pth
2025-12-29 17:01:16,920 - INFO - Checkpoint saved at episode 1170: logs/run_obstacles_d0.7_20251229_140503/checkpoint_ep1170.pth
2025-12-29 17:03:18,063 - INFO - Checkpoint saved at episode 1180: logs/run_obstacles_d0.7_20251229_140503/checkpoint_ep1180.pth
2025-12-29 17:06:21,946 - INFO - Checkpoint saved at episode 1190: logs/run_obstacles_d0.7_20251229_140503/checkpoint_ep1190.pth
2025-12-29 17:08:49,012 - INFO - Checkpoint saved at episode 1200: logs/run_obstacles_d0.7_20251229_140503/checkpoint_ep1200.pth
2025-12-29 17:10:15,643 - INFO - Checkpoint saved at episode 1210: logs/run_obstacles_d0.7_20251229_140503/checkpoint_ep1210.pth
2025-12-29 17:11:44,186 - INFO - Checkpoint saved at episode 1220: logs/run_obstacles_d0.7_20251229_140503/checkpoint_ep1220.pth
2025-12-29 17:13:07,507 - INFO - Checkpoint saved at episode 1230: logs/run_obstacles_d0.7_20251229_140503/checkpoint_ep1230.pth
2025-12-29 17:14:25,832 - INFO - Checkpoint saved at episode 1240: logs/run_obstacles_d0.7_20251229_140503/checkpoint_ep1240.pth
2025-12-29 17:15:51,721 - INFO - Checkpoint saved at episode 1250: logs/run_obstacles_d0.7_20251229_140503/checkpoint_ep1250.pth
2025-12-29 17:17:49,601 - INFO - Checkpoint saved at episode 1260: logs/run_obstacles_d0.7_20251229_140503/checkpoint_ep1260.pth
2025-12-29 17:20:39,373 - INFO - Checkpoint saved at episode 1270: logs/run_obstacles_d0.7_20251229_140503/checkpoint_ep1270.pth
2025-12-29 17:22:56,776 - INFO - Checkpoint saved at episode 1280: logs/run_obstacles_d0.7_20251229_140503/checkpoint_ep1280.pth
2025-12-29 17:25:05,392 - INFO - Checkpoint saved at episode 1290: logs/run_obstacles_d0.7_20251229_140503/checkpoint_ep1290.pth
2025-12-29 17:26:53,984 - INFO - Checkpoint saved at episode 1300: logs/run_obstacles_d0.7_20251229_140503/checkpoint_ep1300.pth
2025-12-29 17:28:00,376 - INFO - Checkpoint saved at episode 1310: logs/run_obstacles_d0.7_20251229_140503/checkpoint_ep1310.pth
2025-12-29 17:29:17,863 - INFO - Checkpoint saved at episode 1320: logs/run_obstacles_d0.7_20251229_140503/checkpoint_ep1320.pth
2025-12-29 17:31:19,918 - INFO - Checkpoint saved at episode 1330: logs/run_obstacles_d0.7_20251229_140503/checkpoint_ep1330.pth
2025-12-29 17:34:24,457 - INFO - Checkpoint saved at episode 1340: logs/run_obstacles_d0.7_20251229_140503/checkpoint_ep1340.pth
2025-12-29 17:36:25,316 - INFO - Checkpoint saved at episode 1350: logs/run_obstacles_d0.7_20251229_140503/checkpoint_ep1350.pth
2025-12-29 17:38:29,893 - INFO - Checkpoint saved at episode 1360: logs/run_obstacles_d0.7_20251229_140503/checkpoint_ep1360.pth
2025-12-29 17:39:55,151 - INFO - Checkpoint saved at episode 1370: logs/run_obstacles_d0.7_20251229_140503/checkpoint_ep1370.pth
2025-12-29 17:41:05,815 - INFO - Checkpoint saved at episode 1380: logs/run_obstacles_d0.7_20251229_140503/checkpoint_ep1380.pth
2025-12-29 17:42:29,771 - INFO - Checkpoint saved at episode 1390: logs/run_obstacles_d0.7_20251229_140503/checkpoint_ep1390.pth
2025-12-29 17:44:04,781 - INFO - Checkpoint saved at episode 1400: logs/run_obstacles_d0.7_20251229_140503/checkpoint_ep1400.pth
2025-12-29 17:47:28,311 - INFO - Checkpoint saved at episode 1410: logs/run_obstacles_d0.7_20251229_140503/checkpoint_ep1410.pth
2025-12-29 17:49:45,753 - INFO - Checkpoint saved at episode 1420: logs/run_obstacles_d0.7_20251229_140503/checkpoint_ep1420.pth
2025-12-29 17:52:01,845 - INFO - Checkpoint saved at episode 1430: logs/run_obstacles_d0.7_20251229_140503/checkpoint_ep1430.pth
2025-12-29 17:53:25,170 - INFO - Checkpoint saved at episode 1440: logs/run_obstacles_d0.7_20251229_140503/checkpoint_ep1440.pth
2025-12-29 17:55:00,084 - INFO - Checkpoint saved at episode 1450: logs/run_obstacles_d0.7_20251229_140503/checkpoint_ep1450.pth
2025-12-29 17:56:18,959 - INFO - Checkpoint saved at episode 1460: logs/run_obstacles_d0.7_20251229_140503/checkpoint_ep1460.pth
2025-12-29 17:57:33,275 - INFO - Checkpoint saved at episode 1470: logs/run_obstacles_d0.7_20251229_140503/checkpoint_ep1470.pth
2025-12-29 18:01:24,825 - INFO - Checkpoint saved at episode 1480: logs/run_obstacles_d0.7_20251229_140503/checkpoint_ep1480.pth
2025-12-29 18:03:13,930 - INFO - Checkpoint saved at episode 1490: logs/run_obstacles_d0.7_20251229_140503/checkpoint_ep1490.pth
2025-12-29 18:05:07,495 - INFO - Checkpoint saved at episode 1500: logs/run_obstacles_d0.7_20251229_140503/checkpoint_ep1500.pth
2025-12-29 18:05:07,803 - INFO - Episode 1500: Avg Reward (10) = 219.73, Total Steps = 1243200
2025-12-29 18:05:07,996 - INFO - Training finished/stopped.
